[backblue.gif]
[fade.gif]
[index.html]
[www.psullyltd.co.uk/xmlrpc.php]
[www.psullyltd.co.uk/feed/index.html]
[www.psullyltd.co.uk/comments/feed/index.html]
[www.psullyltd.co.uk/wp-includes/js/jquery/jquery90f9.js]
[www.psullyltd.co.uk/wp-includes/js/jquery/jquery-migrate.min1576.js]
[www.psullyltd.co.uk/wp-content/themes/customizr/inc/assets/js/tc-scripts.min.js]
[www.psullyltd.co.uk/xmlrpc0db0.php]
[www.psullyltd.co.uk/wp-includes/wlwmanifest.xml]
[www.psullyltd.co.uk/wp-content/uploads/2014/09/psullylogo.jpg]
[www.psullyltd.co.uk/wp-content/themes/customizr/inc/assets/img/slider-loader.gif]
[www.psullyltd.co.uk/wp-content/uploads/2014/09/maths_chalkboard-2400x500.jpg]
[www.psullyltd.co.uk/wp-content/uploads/2014/09/iStock_000024579576Medium-1600x500.jpg]
[www.psullyltd.co.uk/wp-content/uploads/2014/09/about.png]
[www.psullyltd.co.uk/wp-content/uploads/2014/09/testimonialsicon1.png]
[www.psullyltd.co.uk/wp-content/uploads/2014/09/contact.png]
[www.psullyltd.co.uk/wp-content/uploads/2014/09/P-Sully-logo1.png]
[www.psullyltd.co.uk/wp-content/uploads/2014/09/P-Sully-logo1-300x214.png]
[www.psullyltd.co.uk/wp-includes/js/comment-reply.min490d.js]
[www.psullyltd.co.uk/wp-includes/js/jquery/ui/jquery.ui.core.min2c18.js]
[www.psullyltd.co.uk/index.html]
[www.psullyltd.co.uk/wp-content/themes/customizr/inc/assets/img/glyphicons-halflings.png]
[www.psullyltd.co.uk/wp-content/themes/customizr/inc/assets/img/glyphicons-halflings-white.png]
[www.psullyltd.co.uk/wp-content/themes/customizr/inc/assets/css/fonts/fonts/genericons-regular-webfont.eot]
[www.psullyltd.co.uk/wp-content/themes/customizr/inc/assets/css/fonts/fonts/genericons-regular-webfontd41d.eot]
[www.psullyltd.co.uk/wp-content/themes/customizr/inc/assets/css/fonts/fonts/entypo.eot]
[www.psullyltd.co.uk/wp-content/themes/customizr/inc/assets/css/fonts/fonts/entypod41d.eot]
[www.psullyltd.co.uk/wp-content/themes/customizr/inc/assets/css/blue.min737e.css]
[www.psullyltd.co.uk/wp-content/themes/customizr/style737e.css]
[www.psullyltd.co.uk/wp-content/themes/customizr/inc/assets/js/fancybox/fancybox.png]
[www.psullyltd.co.uk/wp-content/themes/customizr/inc/assets/js/fancybox/blank.gif]
[www.psullyltd.co.uk/wp-content/themes/customizr/inc/assets/js/fancybox/fancybox-x.png]
[www.psullyltd.co.uk/wp-content/themes/customizr/inc/assets/js/fancybox/fancybox-y.png]
[www.psullyltd.co.uk/wp-content/themes/customizr/inc/assets/js/fancybox/fancy_title_over.png]
[www.psullyltd.co.uk/wp-content/themes/customizr/inc/assets/js/fancybox/jquery.fancybox-1.3.4.min490d.css]
[www.psullyltd.co.uk/maths_tuition/index.html]
[www.psullyltd.co.uk/wp-includes/images/smilies/icon_smile.gif]
[www.psullyltd.co.uk/testimonials/index.html]
[www.psullyltd.co.uk/wp-includes/js/jquery/jquery.form.min018d.js]
[www.psullyltd.co.uk/wp-content/plugins/ninja-forms/js/min/ninja-forms-display.min490d.js]
[www.psullyltd.co.uk/contact/index.html]
[www.psullyltd.co.uk/wp-content/themes/customizr/inc/assets/css/fonts/fonts/genericons-regular-webfont.html]
[www.psullyltd.co.uk/wp-content/themes/customizr/inc/assets/css/fonts/fonts/genericons-regular-webfont-2.html]
[www.psullyltd.co.uk/wp-content/themes/customizr/inc/assets/css/fonts/fonts/genericons-regular-webfont.svg]
[www.psullyltd.co.uk/wp-content/themes/customizr/inc/assets/css/fonts/fonts/entypo.html]
[www.psullyltd.co.uk/wp-content/themes/customizr/inc/assets/css/fonts/fonts/entypo-2.html]
[www.psullyltd.co.uk/wp-content/themes/customizr/inc/assets/css/fonts/fonts/entypo.svg]
[www.psullyltd.co.uk/index2df4.html]
[www.psullyltd.co.uk/index0b69.html]
[www.psullyltd.co.uk/index5831.html]
[www.psullyltd.co.uk/wp-content/plugins/ninja-forms/css/ninja-forms-display490d.css]
[www.psullyltd.co.uk/wp-content/plugins/ninja-forms/css/qtip490d.css]
[www.psullyltd.co.uk/wp-content/plugins/ninja-forms/images/delete.gif]
[www.psullyltd.co.uk/wp-content/plugins/ninja-forms/images/star.gif]
[www.psullyltd.co.uk/wp-content/plugins/ninja-forms/css/jquery.rating490d.css]
